[0.005s] Invoking command in '/home/robot/ros2-learning/chapt3/topic_practice_ws/build/status_display': AMENT_PREFIX_PATH=/home/robot/ros2-learning/chapt3/topic_practice_ws/install/status_interface:${AMENT_PREFIX_PATH} CMAKE_PREFIX_PATH=/home/robot/ros2-learning/chapt3/topic_practice_ws/install/status_interface:/opt/ros/humble LD_LIBRARY_PATH=/home/robot/ros2-learning/chapt3/topic_practice_ws/install/status_interface/lib:${LD_LIBRARY_PATH} PYTHONPATH=/home/robot/ros2-learning/chapt3/topic_practice_ws/install/status_interface/local/lib/python3.10/dist-packages:${PYTHONPATH} /usr/bin/cmake /home/robot/ros2-learning/chapt3/topic_practice_ws/src/status_display -DCMAKE_INSTALL_PREFIX=/home/robot/ros2-learning/chapt3/topic_practice_ws/install/status_display
[0.049s] -- The C compiler identification is GNU 11.4.0
[0.078s] -- The CXX compiler identification is GNU 11.4.0
[0.082s] -- Detecting C compiler ABI info
[0.124s] -- Detecting C compiler ABI info - done
[0.128s] -- Check for working C compiler: /usr/bin/cc - skipped
[0.128s] -- Detecting C compile features
[0.128s] -- Detecting C compile features - done
[0.129s] -- Detecting CXX compiler ABI info
[0.176s] -- Detecting CXX compiler ABI info - done
[0.180s] -- Check for working CXX compiler: /usr/bin/c++ - skipped
[0.180s] -- Detecting CXX compile features
[0.180s] -- Detecting CXX compile features - done
[0.181s] -- Found ament_cmake: 1.3.11 (/opt/ros/humble/share/ament_cmake/cmake)
[0.261s] -- Found Python3: /usr/bin/python3 (found version "3.10.12") found components: Interpreter 
[0.303s] -- Found rclcpp: 16.0.12 (/opt/ros/humble/share/rclcpp/cmake)
[0.324s] -- Found rosidl_generator_c: 3.1.6 (/opt/ros/humble/share/rosidl_generator_c/cmake)
[0.326s] -- Found rosidl_adapter: 3.1.6 (/opt/ros/humble/share/rosidl_adapter/cmake)
[0.330s] -- Found rosidl_generator_cpp: 3.1.6 (/opt/ros/humble/share/rosidl_generator_cpp/cmake)
[0.336s] -- Using all available rosidl_typesupport_c: rosidl_typesupport_fastrtps_c;rosidl_typesupport_introspection_c
[0.343s] -- Using all available rosidl_typesupport_cpp: rosidl_typesupport_fastrtps_cpp;rosidl_typesupport_introspection_cpp
[0.362s] -- Found rmw_implementation_cmake: 6.1.2 (/opt/ros/humble/share/rmw_implementation_cmake/cmake)
[0.363s] -- Found rmw_fastrtps_cpp: 6.2.7 (/opt/ros/humble/share/rmw_fastrtps_cpp/cmake)
[0.412s] -- Found OpenSSL: /usr/lib/x86_64-linux-gnu/libcrypto.so (found version "3.0.2")  
[0.427s] -- Found FastRTPS: /opt/ros/humble/include  
[0.446s] -- Using RMW implementation 'rmw_fastrtps_cpp' as default
[0.450s] -- Looking for pthread.h
[0.495s] -- Looking for pthread.h - found
[0.495s] -- Performing Test CMAKE_HAVE_LIBC_PTHREAD
[0.539s] -- Performing Test CMAKE_HAVE_LIBC_PTHREAD - Success
[0.539s] -- Found Threads: TRUE  
[0.562s] -- Found status_interface: 0.0.0 (/home/robot/ros2-learning/chapt3/topic_practice_ws/install/status_interface/share/status_interface/cmake)
[0.576s] -- Found ament_lint_auto: 0.12.12 (/opt/ros/humble/share/ament_lint_auto/cmake)
[0.615s] -- Added test 'cppcheck' to perform static code analysis on C / C++ code
[0.615s] -- Configured cppcheck include dirs: 
[0.615s] -- Configured cppcheck exclude dirs and/or files: 
[0.615s] -- Added test 'lint_cmake' to check CMake code style
[0.615s] -- Added test 'uncrustify' to check C / C++ code style
[0.615s] -- Configured uncrustify additional arguments: 
[0.616s] -- Added test 'xmllint' to check XML markup files
[0.616s] -- Configuring done
[0.619s] -- Generating done
[0.620s] -- Build files have been written to: /home/robot/ros2-learning/chapt3/topic_practice_ws/build/status_display
[0.626s] Invoked command in '/home/robot/ros2-learning/chapt3/topic_practice_ws/build/status_display' returned '0': AMENT_PREFIX_PATH=/home/robot/ros2-learning/chapt3/topic_practice_ws/install/status_interface:${AMENT_PREFIX_PATH} CMAKE_PREFIX_PATH=/home/robot/ros2-learning/chapt3/topic_practice_ws/install/status_interface:/opt/ros/humble LD_LIBRARY_PATH=/home/robot/ros2-learning/chapt3/topic_practice_ws/install/status_interface/lib:${LD_LIBRARY_PATH} PYTHONPATH=/home/robot/ros2-learning/chapt3/topic_practice_ws/install/status_interface/local/lib/python3.10/dist-packages:${PYTHONPATH} /usr/bin/cmake /home/robot/ros2-learning/chapt3/topic_practice_ws/src/status_display -DCMAKE_INSTALL_PREFIX=/home/robot/ros2-learning/chapt3/topic_practice_ws/install/status_display
[0.627s] Invoking command in '/home/robot/ros2-learning/chapt3/topic_practice_ws/build/status_display': AMENT_PREFIX_PATH=/home/robot/ros2-learning/chapt3/topic_practice_ws/install/status_interface:${AMENT_PREFIX_PATH} CMAKE_PREFIX_PATH=/home/robot/ros2-learning/chapt3/topic_practice_ws/install/status_interface:/opt/ros/humble LD_LIBRARY_PATH=/home/robot/ros2-learning/chapt3/topic_practice_ws/install/status_interface/lib:${LD_LIBRARY_PATH} PYTHONPATH=/home/robot/ros2-learning/chapt3/topic_practice_ws/install/status_interface/local/lib/python3.10/dist-packages:${PYTHONPATH} /usr/bin/cmake --build /home/robot/ros2-learning/chapt3/topic_practice_ws/build/status_display -- -j32 -l32
[0.658s] [ 50%] [32mBuilding CXX object CMakeFiles/hello_qt.dir/src/hello_qt.cpp.o[0m
[0.701s] [01m[K/home/robot/ros2-learning/chapt3/topic_practice_ws/src/status_display/src/hello_qt.cpp:2:10:[m[K [01;31m[Kfatal error: [m[KQLable: æ²¡æœ‰é‚£ä¸ªæ–‡ä»¶æˆ–ç›®å½•
[0.701s]     2 | #include [01;31m[K<QLable>[m[K
[0.701s]       |          [01;31m[K^~~~~~~~[m[K
[0.701s] compilation terminated.
[0.702s] gmake[2]: *** [CMakeFiles/hello_qt.dir/build.make:76ï¼šCMakeFiles/hello_qt.dir/src/hello_qt.cpp.o] é”™è¯¯ 1
[0.702s] gmake[1]: *** [CMakeFiles/Makefile2:137ï¼šCMakeFiles/hello_qt.dir/all] é”™è¯¯ 2
[0.702s] gmake: *** [Makefile:146ï¼šall] é”™è¯¯ 2
[0.704s] Invoked command in '/home/robot/ros2-learning/chapt3/topic_practice_ws/build/status_display' returned '2': AMENT_PREFIX_PATH=/home/robot/ros2-learning/chapt3/topic_practice_ws/install/status_interface:${AMENT_PREFIX_PATH} CMAKE_PREFIX_PATH=/home/robot/ros2-learning/chapt3/topic_practice_ws/install/status_interface:/opt/ros/humble LD_LIBRARY_PATH=/home/robot/ros2-learning/chapt3/topic_practice_ws/install/status_interface/lib:${LD_LIBRARY_PATH} PYTHONPATH=/home/robot/ros2-learning/chapt3/topic_practice_ws/install/status_interface/local/lib/python3.10/dist-packages:${PYTHONPATH} /usr/bin/cmake --build /home/robot/ros2-learning/chapt3/topic_practice_ws/build/status_display -- -j32 -l32
