[35m[1mConsolidate compiler generated dependencies of target learn_shared_ptr[0m
[ 12%] [32mBuilding CXX object CMakeFiles/learn_shared_ptr.dir/src/learn_shared_ptr.cpp.o[0m
[ 37%] Built target learn_auto
[ 62%] Built target cpp_node
[ 87%] Built target person_node
[01m[K/home/robot/ros2-learning/chapt2/chapt2_ws/src/demo_cpp_pkg/src/learn_shared_ptr.cpp:[m[K In function ‘[01m[Kint main()[m[K’:
[01m[K/home/robot/ros2-learning/chapt2/chapt2_ws/src/demo_cpp_pkg/src/learn_shared_ptr.cpp:18:42:[m[K [01;31m[Kerror: [m[Kexpected ‘[01m[K;[m[K’ before ‘[01m[K：[m[K’
   18 |     std::cout << "p2的指向的内存地址数据"[01;31m[K：[m[K << p2->c_str() << std::endl;
      |                                          [01;31m[K^[m[K[32m[K~[m[K
      |                                          [32m[K;[m[K
gmake[2]: *** [CMakeFiles/learn_shared_ptr.dir/build.make:76：CMakeFiles/learn_shared_ptr.dir/src/learn_shared_ptr.cpp.o] 错误 1
gmake[1]: *** [CMakeFiles/Makefile2:221：CMakeFiles/learn_shared_ptr.dir/all] 错误 2
gmake: *** [Makefile:146：all] 错误 2
