[0.006s] Invoking command in '/home/robot/ros2-learning/chapt2/chapt2_ws/build/demo_cpp_pkg': CMAKE_PREFIX_PATH=${CMAKE_PREFIX_PATH}:/home/robot/ros2-learning/chapt2/chapt2_ws/install/demo_python_pkg:/opt/ros/humble /usr/bin/cmake --build /home/robot/ros2-learning/chapt2/chapt2_ws/build/demo_cpp_pkg -- -j32 -l32
[0.043s] [35m[1mConsolidate compiler generated dependencies of target learn_shared_ptr[0m
[0.052s] [ 12%] [32mBuilding CXX object CMakeFiles/learn_shared_ptr.dir/src/learn_shared_ptr.cpp.o[0m
[0.053s] [ 37%] Built target learn_auto
[0.054s] [ 62%] Built target cpp_node
[0.057s] [ 87%] Built target person_node
[0.160s] [01m[K/home/robot/ros2-learning/chapt2/chapt2_ws/src/demo_cpp_pkg/src/learn_shared_ptr.cpp:[m[K In function ‘[01m[Kint main()[m[K’:
[0.160s] [01m[K/home/robot/ros2-learning/chapt2/chapt2_ws/src/demo_cpp_pkg/src/learn_shared_ptr.cpp:18:42:[m[K [01;31m[Kerror: [m[Kexpected ‘[01m[K;[m[K’ before ‘[01m[K：[m[K’
[0.160s]    18 |     std::cout << "p2的指向的内存地址数据"[01;31m[K：[m[K << p2->c_str() << std::endl;
[0.160s]       |                                          [01;31m[K^[m[K[32m[K~[m[K
[0.160s]       |                                          [32m[K;[m[K
[0.179s] gmake[2]: *** [CMakeFiles/learn_shared_ptr.dir/build.make:76：CMakeFiles/learn_shared_ptr.dir/src/learn_shared_ptr.cpp.o] 错误 1
[0.179s] gmake[1]: *** [CMakeFiles/Makefile2:221：CMakeFiles/learn_shared_ptr.dir/all] 错误 2
[0.179s] gmake: *** [Makefile:146：all] 错误 2
[0.181s] Invoked command in '/home/robot/ros2-learning/chapt2/chapt2_ws/build/demo_cpp_pkg' returned '2': CMAKE_PREFIX_PATH=${CMAKE_PREFIX_PATH}:/home/robot/ros2-learning/chapt2/chapt2_ws/install/demo_python_pkg:/opt/ros/humble /usr/bin/cmake --build /home/robot/ros2-learning/chapt2/chapt2_ws/build/demo_cpp_pkg -- -j32 -l32
